<?xml version="1.0" encoding="UTF-8"?>
<!-- Generated by org.testng.reporters.JUnitReportReporter -->
<testsuite hostname="DESKTOP-QOIRAG4" failures="0" tests="3" name="com.amazon.testcases.TestGettingNamesOfBrowsingHistory" time="21.655" errors="0" timestamp="21 Jul 2019 07:27:35 GMT" skipped="0">
  <testcase classname="com.amazon.testcases.TestGettingNamesOfBrowsingHistory" name="testLogin" time="15.937"/>
  <testcase classname="com.amazon.testcases.TestGettingNamesOfBrowsingHistory" name="productNamesBrowsingHistory" time="1.853"/>
  <testcase classname="com.amazon.testcases.TestGettingNamesOfBrowsingHistory" name="signOut" time="3.865"/>
</testsuite> <!-- com.amazon.testcases.TestGettingNamesOfBrowsingHistory -->
