<?xml version="1.0" encoding="UTF-8"?>
<!-- Generated by org.testng.reporters.JUnitReportReporter -->
<testsuite hostname="DESKTOP-QOIRAG4" failures="0" tests="2" name="com.amazon.testcases.nameChange" time="36.734" errors="0" timestamp="20 Jul 2019 23:03:49 GMT" skipped="0">
  <testcase classname="com.amazon.testcases.nameChange" name="testLogin" time="15.714"/>
  <testcase classname="com.amazon.testcases.nameChange" name="nameChng" time="21.020"/>
</testsuite> <!-- com.amazon.testcases.nameChange -->
