<?xml version="1.0" encoding="UTF-8"?>
<!-- Generated by org.testng.reporters.JUnitReportReporter -->
<testsuite hostname="DESKTOP-QOIRAG4" failures="0" tests="3" name="com.amazon.testcases.TestChangeDeliveryAddress" time="41.110" errors="0" timestamp="21 Jul 2019 20:54:45 GMT" skipped="0">
  <testcase classname="com.amazon.testcases.TestChangeDeliveryAddress" name="testLogin" time="14.411"/>
  <testcase classname="com.amazon.testcases.TestChangeDeliveryAddress" name="changeDelivery" time="22.875"/>
  <testcase classname="com.amazon.testcases.TestChangeDeliveryAddress" name="signOut" time="3.824"/>
</testsuite> <!-- com.amazon.testcases.TestChangeDeliveryAddress -->
