<?xml version="1.0" encoding="UTF-8"?>
<!-- Generated by org.testng.reporters.JUnitReportReporter -->
<testsuite hostname="DESKTOP-QOIRAG4" failures="0" tests="2" name="com.amazon.testcases.TestBuyingLaptop" time="65.561" errors="0" timestamp="24 Jul 2019 04:47:23 GMT" skipped="0">
  <testcase classname="com.amazon.testcases.TestBuyingLaptop" name="testLogin" time="16.453"/>
  <testcase classname="com.amazon.testcases.TestBuyingLaptop" name="buyLaptop" time="49.108"/>
</testsuite> <!-- com.amazon.testcases.TestBuyingLaptop -->
