<?xml version="1.0" encoding="UTF-8"?>
<!-- Generated by org.testng.reporters.JUnitReportReporter -->
<testsuite hostname="DESKTOP-QOIRAG4" failures="0" tests="3" name="com.amazon.testcases.TestCheckingReviews" time="43.899" errors="0" timestamp="21 Jul 2019 07:19:02 GMT" skipped="0">
  <testcase classname="com.amazon.testcases.TestCheckingReviews" name="testLogin" time="17.117"/>
  <testcase classname="com.amazon.testcases.TestCheckingReviews" name="checkingRevies" time="22.809"/>
  <testcase classname="com.amazon.testcases.TestCheckingReviews" name="signOut" time="3.973"/>
</testsuite> <!-- com.amazon.testcases.TestCheckingReviews -->
