<?xml version="1.0" encoding="UTF-8"?>
<!-- Generated by org.testng.reporters.JUnitReportReporter -->
<testsuite hostname="DESKTOP-QOIRAG4" failures="0" tests="2" name="com.amazon.testcases.TestPasswordChange" time="43.353" errors="0" timestamp="20 Jul 2019 22:43:10 GMT" skipped="0">
  <testcase classname="com.amazon.testcases.TestPasswordChange" name="testLogin" time="14.846"/>
  <testcase classname="com.amazon.testcases.TestPasswordChange" name="passwordChange" time="28.507"/>
</testsuite> <!-- com.amazon.testcases.TestPasswordChange -->
