<?xml version="1.0" encoding="UTF-8"?>
<!-- Generated by org.testng.reporters.JUnitReportReporter -->
<testsuite hostname="DESKTOP-QOIRAG4" failures="0" tests="3" name="com.amazon.testcases.TestLogin" time="22.360" errors="0" timestamp="21 Jul 2019 20:54:45 GMT" skipped="0">
  <testcase classname="com.amazon.testcases.TestLogin" name="testLogin" time="18.459"/>
  <testcase classname="com.amazon.testcases.TestLogin" name="loginCheck" time="0.061"/>
  <testcase classname="com.amazon.testcases.TestLogin" name="signOut" time="3.840"/>
</testsuite> <!-- com.amazon.testcases.TestLogin -->
