<?xml version="1.0" encoding="UTF-8"?>
<!-- Generated by org.testng.reporters.JUnitReportReporter -->
<testsuite hostname="DESKTOP-QOIRAG4" failures="0" tests="1" name="com.amazon.testcases.TestLanguageChange" time="14.538" errors="0" timestamp="21 Jul 2019 20:54:45 GMT" skipped="0">
  <testcase classname="com.amazon.testcases.TestLanguageChange" name="testLogin" time="14.538"/>
</testsuite> <!-- com.amazon.testcases.TestLanguageChange -->
