<?xml version="1.0" encoding="UTF-8"?>
<!-- Generated by org.testng.reporters.JUnitReportReporter -->
<testsuite hostname="DESKTOP-QOIRAG4" failures="0" tests="3" name="com.amazon.testcases.TestTodaysDeals" time="29.015" errors="0" timestamp="21 Jul 2019 07:25:56 GMT" skipped="0">
  <testcase classname="com.amazon.testcases.TestTodaysDeals" name="testLogin" time="17.035"/>
  <testcase classname="com.amazon.testcases.TestTodaysDeals" name="computerDeals" time="8.181"/>
  <testcase classname="com.amazon.testcases.TestTodaysDeals" name="signOut" time="3.799"/>
</testsuite> <!-- com.amazon.testcases.TestTodaysDeals -->
